<?xml version="1.0" encoding="UTF-8"?>
<!-- Generated by org.testng.reporters.JUnitReportReporter -->
<testsuite skipped="0" hostname="DESKTOP-KGFJJ8B" name="com.qa.hubspot.tests.LoginPageTest" tests="3" failures="0" timestamp="18 Dec 2020 02:06:32 GMT" time="2.046" errors="0">
  <testcase name="verifyLoginPageTitleTest" time="0.024" classname="com.qa.hubspot.tests.LoginPageTest"/>
  <testcase name="verifySigInLinkTest" time="0.127" classname="com.qa.hubspot.tests.LoginPageTest"/>
  <testcase name="loginTest" time="1.895" classname="com.qa.hubspot.tests.LoginPageTest"/>
</testsuite> <!-- com.qa.hubspot.tests.LoginPageTest -->
