<?xml version="1.0" encoding="UTF-8"?>
<!-- Generated by org.testng.reporters.JUnitReportReporter -->
<testsuite skipped="0" hostname="DESKTOP-KGFJJ8B" name="com.qa.hubspot.tests.ContactsPageTest" tests="4" failures="0" timestamp="19 Dec 2020 20:10:14 GMT" time="15.181" errors="0">
  <testcase name="verifyContactsPageTitleTest" time="0.010" classname="com.qa.hubspot.tests.ContactsPageTest"/>
  <testcase name="verifyContactsPageHeaderTest" time="4.196" classname="com.qa.hubspot.tests.ContactsPageTest"/>
  <testcase name="verifyContactsTextMessageTest" time="4.161" classname="com.qa.hubspot.tests.ContactsPageTest"/>
  <testcase name="verifyErrorMessageTest" time="6.814" classname="com.qa.hubspot.tests.ContactsPageTest"/>
</testsuite> <!-- com.qa.hubspot.tests.ContactsPageTest -->
