<?xml version="1.0" encoding="UTF-8"?>
<!-- Generated by org.testng.reporters.JUnitReportReporter -->
<testsuite skipped="0" hostname="DESKTOP-KGFJJ8B" name="com.qa.hubspot.tests.LoginPageTest" tests="3" failures="0" timestamp="26 Dec 2020 21:20:01 GMT" time="1.718" errors="0">
  <testcase name="verifyLoginPageTitleTest" time="0.116" classname="com.qa.hubspot.tests.LoginPageTest"/>
  <testcase name="verifySignInLinkTest" time="0.062" classname="com.qa.hubspot.tests.LoginPageTest"/>
  <testcase name="loginTest" time="1.540" classname="com.qa.hubspot.tests.LoginPageTest"/>
</testsuite> <!-- com.qa.hubspot.tests.LoginPageTest -->
