<?xml version="1.0" encoding="UTF-8"?>
<!-- Generated by org.testng.reporters.JUnitReportReporter -->
<testsuite skipped="0" hostname="DESKTOP-KGFJJ8B" name="com.qa.hubspot.tests.LoginPageTest" tests="3" failures="0" timestamp="27 Dec 2020 16:59:45 GMT" time="2.137" errors="0">
  <testcase name="verifyLoginPageTitleTest" time="0.093" classname="com.qa.hubspot.tests.LoginPageTest"/>
  <testcase name="verifySignInLinkTest" time="0.061" classname="com.qa.hubspot.tests.LoginPageTest"/>
  <testcase name="loginTest" time="1.983" classname="com.qa.hubspot.tests.LoginPageTest"/>
</testsuite> <!-- com.qa.hubspot.tests.LoginPageTest -->
